[2018-12-06 15:52:15.787] [exthost1] [info] extension host started
[2018-12-06 15:52:16.001] [exthost1] [info] extension host started
[2018-12-06 15:52:16.017] [exthost1] [info] ExtensionService#_doActivateExtension vscode.debug-auto-launch {"startup":true,"activationEvent":"*"}
[2018-12-06 15:52:16.018] [exthost1] [info] ExtensionService#loadCommonJSModule c:\Users\hi\.codemix\engine\resources\app\extensions\debug-auto-launch\out\extension
[2018-12-06 15:52:16.025] [exthost1] [info] ExtensionService#_doActivateExtension vscode.emmet {"startup":true,"activationEvent":"*"}
[2018-12-06 15:52:16.025] [exthost1] [info] ExtensionService#loadCommonJSModule c:\Users\hi\.codemix\engine\resources\app\extensions\emmet\dist\extension
[2018-12-06 15:52:16.060] [exthost1] [info] ExtensionService#_doActivateExtension vscode.merge-conflict {"startup":true,"activationEvent":"*"}
[2018-12-06 15:52:16.060] [exthost1] [info] ExtensionService#loadCommonJSModule c:\Users\hi\.codemix\engine\resources\app\extensions\merge-conflict\out\extension
[2018-12-06 15:52:16.073] [exthost1] [info] ExtensionService#_doActivateExtension vscode.search-rg {"startup":true,"activationEvent":"*"}
[2018-12-06 15:52:16.074] [exthost1] [info] ExtensionService#loadCommonJSModule c:\Users\hi\.codemix\engine\resources\app\extensions\search-rg\out\extension
[2018-12-06 15:52:16.083] [exthost1] [info] eager extensions activated
[2018-12-06 15:52:16.083] [exthost1] [info] ExtensionService#_doActivateExtension vscode.configuration-editing {"startup":false,"activationEvent":"onLanguage:jsonc"}
[2018-12-06 15:52:16.083] [exthost1] [info] ExtensionService#loadCommonJSModule c:\Users\hi\.codemix\engine\resources\app\extensions\configuration-editing\out\extension
[2018-12-06 15:52:16.111] [exthost1] [info] ExtensionService#_doActivateExtension vscode.json-language-features {"startup":false,"activationEvent":"onLanguage:jsonc"}
[2018-12-06 15:52:16.111] [exthost1] [info] ExtensionService#loadCommonJSModule c:\Users\hi\.codemix\engine\resources\app\extensions\json-language-features\client\dist\jsonMain
[2018-12-06 15:52:16.234] [exthost1] [info] ExtensionService#_doActivateExtension vscode.typescript-language-features {"startup":false,"activationEvent":"onLanguage:jsonc"}
[2018-12-06 15:52:16.234] [exthost1] [info] ExtensionService#loadCommonJSModule c:\Users\hi\.codemix\engine\resources\app\extensions\typescript-language-features\dist\extension
[2018-12-06 15:52:16.346] [exthost1] [info] ExtensionService#_doActivateExtension vscode.grunt {"startup":false,"activationEvent":"onCommand:workbench.action.tasks.runTask"}
[2018-12-06 15:52:16.346] [exthost1] [info] ExtensionService#loadCommonJSModule c:\Users\hi\.codemix\engine\resources\app\extensions\grunt\out\main
[2018-12-06 15:52:16.350] [exthost1] [info] ExtensionService#_doActivateExtension vscode.gulp {"startup":false,"activationEvent":"onCommand:workbench.action.tasks.runTask"}
[2018-12-06 15:52:16.350] [exthost1] [info] ExtensionService#loadCommonJSModule c:\Users\hi\.codemix\engine\resources\app\extensions\gulp\out\main
[2018-12-06 15:52:16.355] [exthost1] [info] ExtensionService#_doActivateExtension vscode.jake {"startup":false,"activationEvent":"onCommand:workbench.action.tasks.runTask"}
[2018-12-06 15:52:16.355] [exthost1] [info] ExtensionService#loadCommonJSModule c:\Users\hi\.codemix\engine\resources\app\extensions\jake\out\main
[2018-12-06 15:52:16.361] [exthost1] [info] ExtensionService#_doActivateExtension vscode.npm {"startup":false,"activationEvent":"onCommand:workbench.action.tasks.runTask"}
[2018-12-06 15:52:16.361] [exthost1] [info] ExtensionService#loadCommonJSModule c:\Users\hi\.codemix\engine\resources\app\extensions\npm\out\main
[2018-12-06 15:52:49.654] [exthost1] [info] extension host started
[2018-12-06 15:52:49.879] [exthost1] [info] extension host started
[2018-12-06 15:52:49.897] [exthost1] [info] ExtensionService#_doActivateExtension vscode.debug-auto-launch {"startup":true,"activationEvent":"*"}
[2018-12-06 15:52:49.897] [exthost1] [info] ExtensionService#loadCommonJSModule c:\Users\hi\.codemix\engine\resources\app\extensions\debug-auto-launch\out\extension
[2018-12-06 15:52:49.903] [exthost1] [info] ExtensionService#_doActivateExtension vscode.emmet {"startup":true,"activationEvent":"*"}
[2018-12-06 15:52:49.903] [exthost1] [info] ExtensionService#loadCommonJSModule c:\Users\hi\.codemix\engine\resources\app\extensions\emmet\dist\extension
[2018-12-06 15:52:49.941] [exthost1] [info] ExtensionService#_doActivateExtension vscode.merge-conflict {"startup":true,"activationEvent":"*"}
[2018-12-06 15:52:49.941] [exthost1] [info] ExtensionService#loadCommonJSModule c:\Users\hi\.codemix\engine\resources\app\extensions\merge-conflict\out\extension
[2018-12-06 15:52:49.955] [exthost1] [info] ExtensionService#_doActivateExtension vscode.search-rg {"startup":true,"activationEvent":"*"}
[2018-12-06 15:52:49.955] [exthost1] [info] ExtensionService#loadCommonJSModule c:\Users\hi\.codemix\engine\resources\app\extensions\search-rg\out\extension
[2018-12-06 15:52:49.962] [exthost1] [info] ExtensionService#_doActivateExtension christian-kohler.path-intellisense {"startup":true,"activationEvent":"*"}
[2018-12-06 15:52:49.962] [exthost1] [info] ExtensionService#loadCommonJSModule C:\Users\hi\.codemix\extensions\christian-kohler.path-intellisense-1.4.2\out\src\extension
[2018-12-06 15:52:49.973] [exthost1] [info] ExtensionService#_doActivateExtension dbaeumer.vscode-eslint {"startup":true,"activationEvent":"*"}
[2018-12-06 15:52:49.973] [exthost1] [info] ExtensionService#loadCommonJSModule C:\Users\hi\.codemix\extensions\dbaeumer.vscode-eslint-1.4.10\client\out\extension
[2018-12-06 15:52:50.024] [exthost1] [info] ExtensionService#_doActivateExtension formulahendry.auto-close-tag {"startup":true,"activationEvent":"*"}
[2018-12-06 15:52:50.024] [exthost1] [info] ExtensionService#loadCommonJSModule C:\Users\hi\.codemix\extensions\formulahendry.auto-close-tag-0.5.6\out\src\extension
[2018-12-06 15:52:50.026] [exthost1] [info] ExtensionService#_doActivateExtension HookyQR.beautify {"startup":true,"activationEvent":"*"}
[2018-12-06 15:52:50.026] [exthost1] [info] ExtensionService#loadCommonJSModule C:\Users\hi\.codemix\extensions\hookyqr.beautify-1.3.0\extension
[2018-12-06 15:52:50.074] [exthost1] [info] ExtensionService#_doActivateExtension vscode.configuration-editing {"startup":false,"activationEvent":"onLanguage:jsonc"}
[2018-12-06 15:52:50.074] [exthost1] [info] ExtensionService#loadCommonJSModule c:\Users\hi\.codemix\engine\resources\app\extensions\configuration-editing\out\extension
[2018-12-06 15:52:50.085] [exthost1] [info] ExtensionService#_doActivateExtension vscode.json-language-features {"startup":false,"activationEvent":"onLanguage:jsonc"}
[2018-12-06 15:52:50.085] [exthost1] [info] ExtensionService#loadCommonJSModule c:\Users\hi\.codemix\engine\resources\app\extensions\json-language-features\client\dist\jsonMain
[2018-12-06 15:52:50.210] [exthost1] [info] ExtensionService#_doActivateExtension vscode.typescript-language-features {"startup":false,"activationEvent":"onLanguage:jsonc"}
[2018-12-06 15:52:50.210] [exthost1] [info] ExtensionService#loadCommonJSModule c:\Users\hi\.codemix\engine\resources\app\extensions\typescript-language-features\dist\extension
[2018-12-06 15:52:50.306] [exthost1] [info] ExtensionService#_doActivateExtension vscode.grunt {"startup":false,"activationEvent":"onCommand:workbench.action.tasks.runTask"}
[2018-12-06 15:52:50.306] [exthost1] [info] ExtensionService#loadCommonJSModule c:\Users\hi\.codemix\engine\resources\app\extensions\grunt\out\main
[2018-12-06 15:52:50.315] [exthost1] [info] ExtensionService#_doActivateExtension vscode.gulp {"startup":false,"activationEvent":"onCommand:workbench.action.tasks.runTask"}
[2018-12-06 15:52:50.315] [exthost1] [info] ExtensionService#loadCommonJSModule c:\Users\hi\.codemix\engine\resources\app\extensions\gulp\out\main
[2018-12-06 15:52:50.319] [exthost1] [info] ExtensionService#_doActivateExtension vscode.jake {"startup":false,"activationEvent":"onCommand:workbench.action.tasks.runTask"}
[2018-12-06 15:52:50.319] [exthost1] [info] ExtensionService#loadCommonJSModule c:\Users\hi\.codemix\engine\resources\app\extensions\jake\out\main
[2018-12-06 15:52:50.324] [exthost1] [info] ExtensionService#_doActivateExtension vscode.npm {"startup":false,"activationEvent":"onCommand:workbench.action.tasks.runTask"}
[2018-12-06 15:52:50.324] [exthost1] [info] ExtensionService#loadCommonJSModule c:\Users\hi\.codemix\engine\resources\app\extensions\npm\out\main
[2018-12-06 15:52:50.678] [exthost1] [info] eager extensions activated
[2018-12-06 16:28:20.939] [exthost1] [info] extension host started
[2018-12-06 16:28:20.958] [exthost1] [info] ExtensionService#_doActivateExtension vscode.debug-auto-launch {"startup":true,"activationEvent":"*"}
[2018-12-06 16:28:20.958] [exthost1] [info] ExtensionService#loadCommonJSModule c:\Users\hi\.codemix\engine\resources\app\extensions\debug-auto-launch\out\extension
[2018-12-06 16:28:20.965] [exthost1] [info] ExtensionService#_doActivateExtension vscode.emmet {"startup":true,"activationEvent":"*"}
[2018-12-06 16:28:20.965] [exthost1] [info] ExtensionService#loadCommonJSModule c:\Users\hi\.codemix\engine\resources\app\extensions\emmet\dist\extension
[2018-12-06 16:28:20.996] [exthost1] [info] ExtensionService#_doActivateExtension vscode.merge-conflict {"startup":true,"activationEvent":"*"}
[2018-12-06 16:28:20.996] [exthost1] [info] ExtensionService#loadCommonJSModule c:\Users\hi\.codemix\engine\resources\app\extensions\merge-conflict\out\extension
[2018-12-06 16:28:21.010] [exthost1] [info] ExtensionService#_doActivateExtension vscode.search-rg {"startup":true,"activationEvent":"*"}
[2018-12-06 16:28:21.010] [exthost1] [info] ExtensionService#loadCommonJSModule c:\Users\hi\.codemix\engine\resources\app\extensions\search-rg\out\extension
[2018-12-06 16:28:21.016] [exthost1] [info] ExtensionService#_doActivateExtension christian-kohler.path-intellisense {"startup":true,"activationEvent":"*"}
[2018-12-06 16:28:21.016] [exthost1] [info] ExtensionService#loadCommonJSModule C:\Users\hi\.codemix\extensions\christian-kohler.path-intellisense-1.4.2\out\src\extension
[2018-12-06 16:28:21.027] [exthost1] [info] ExtensionService#_doActivateExtension dbaeumer.vscode-eslint {"startup":true,"activationEvent":"*"}
[2018-12-06 16:28:21.027] [exthost1] [info] ExtensionService#loadCommonJSModule C:\Users\hi\.codemix\extensions\dbaeumer.vscode-eslint-1.4.10\client\out\extension
[2018-12-06 16:28:21.078] [exthost1] [info] ExtensionService#_doActivateExtension formulahendry.auto-close-tag {"startup":true,"activationEvent":"*"}
[2018-12-06 16:28:21.078] [exthost1] [info] ExtensionService#loadCommonJSModule C:\Users\hi\.codemix\extensions\formulahendry.auto-close-tag-0.5.6\out\src\extension
[2018-12-06 16:28:21.079] [exthost1] [info] ExtensionService#_doActivateExtension HookyQR.beautify {"startup":true,"activationEvent":"*"}
[2018-12-06 16:28:21.079] [exthost1] [info] ExtensionService#loadCommonJSModule C:\Users\hi\.codemix\extensions\hookyqr.beautify-1.3.0\extension
[2018-12-06 16:28:21.134] [exthost1] [info] ExtensionService#_doActivateExtension vscode.configuration-editing {"startup":false,"activationEvent":"onLanguage:jsonc"}
[2018-12-06 16:28:21.134] [exthost1] [info] ExtensionService#loadCommonJSModule c:\Users\hi\.codemix\engine\resources\app\extensions\configuration-editing\out\extension
[2018-12-06 16:28:21.148] [exthost1] [info] ExtensionService#_doActivateExtension vscode.json-language-features {"startup":false,"activationEvent":"onLanguage:jsonc"}
[2018-12-06 16:28:21.148] [exthost1] [info] ExtensionService#loadCommonJSModule c:\Users\hi\.codemix\engine\resources\app\extensions\json-language-features\client\dist\jsonMain
[2018-12-06 16:28:21.262] [exthost1] [info] ExtensionService#_doActivateExtension vscode.typescript-language-features {"startup":false,"activationEvent":"onLanguage:jsonc"}
[2018-12-06 16:28:21.262] [exthost1] [info] ExtensionService#loadCommonJSModule c:\Users\hi\.codemix\engine\resources\app\extensions\typescript-language-features\dist\extension
[2018-12-06 16:28:21.365] [exthost1] [info] ExtensionService#_doActivateExtension vscode.grunt {"startup":false,"activationEvent":"onCommand:workbench.action.tasks.runTask"}
[2018-12-06 16:28:21.365] [exthost1] [info] ExtensionService#loadCommonJSModule c:\Users\hi\.codemix\engine\resources\app\extensions\grunt\out\main
[2018-12-06 16:28:21.374] [exthost1] [info] ExtensionService#_doActivateExtension vscode.gulp {"startup":false,"activationEvent":"onCommand:workbench.action.tasks.runTask"}
[2018-12-06 16:28:21.374] [exthost1] [info] ExtensionService#loadCommonJSModule c:\Users\hi\.codemix\engine\resources\app\extensions\gulp\out\main
[2018-12-06 16:28:21.379] [exthost1] [info] ExtensionService#_doActivateExtension vscode.jake {"startup":false,"activationEvent":"onCommand:workbench.action.tasks.runTask"}
[2018-12-06 16:28:21.379] [exthost1] [info] ExtensionService#loadCommonJSModule c:\Users\hi\.codemix\engine\resources\app\extensions\jake\out\main
[2018-12-06 16:28:21.384] [exthost1] [info] ExtensionService#_doActivateExtension vscode.npm {"startup":false,"activationEvent":"onCommand:workbench.action.tasks.runTask"}
[2018-12-06 16:28:21.384] [exthost1] [info] ExtensionService#loadCommonJSModule c:\Users\hi\.codemix\engine\resources\app\extensions\npm\out\main
[2018-12-06 16:28:21.456] [exthost1] [info] ExtensionService#_doActivateExtension vscode.php-language-features {"startup":false,"activationEvent":"onLanguage:php"}
[2018-12-06 16:28:21.456] [exthost1] [info] ExtensionService#loadCommonJSModule c:\Users\hi\.codemix\engine\resources\app\extensions\php-language-features\out\phpMain
[2018-12-06 16:28:21.482] [exthost1] [info] ExtensionService#_doActivateExtension felixfbecker.php-intellisense {"startup":false,"activationEvent":"onLanguage:php"}
[2018-12-06 16:28:21.482] [exthost1] [info] ExtensionService#loadCommonJSModule C:\Users\hi\.codemix\extensions\felixfbecker.php-intellisense-2.3.1\out\extension
[2018-12-06 16:28:21.544] [exthost1] [info] ExtensionService#_doActivateExtension kokororin.vscode-phpfmt {"startup":false,"activationEvent":"onLanguage:php"}
[2018-12-06 16:28:21.544] [exthost1] [info] ExtensionService#loadCommonJSModule C:\Users\hi\.codemix\extensions\kokororin.vscode-phpfmt-1.0.29\out\src\extension
[2018-12-06 16:28:21.556] [exthost1] [info] ExtensionService#_doActivateExtension linyang95.php-symbols {"startup":false,"activationEvent":"onLanguage:php"}
[2018-12-06 16:28:21.556] [exthost1] [info] ExtensionService#loadCommonJSModule C:\Users\hi\.codemix\extensions\linyang95.php-symbols-2.1.0\extension
[2018-12-06 16:28:21.933] [exthost1] [info] eager extensions activated
