[2018-12-06 15:52:16.874] [sharedprocess] [info] main {"machineId":"3b422ac877b970116c4673be8e114a333f0085d8c7f4aa8c574d64e87ce8db16"}
[2018-12-06 15:52:16.879] [sharedprocess] [info] Scanned user extensions: 0
[2018-12-06 15:52:16.900] [sharedprocess] [info] Scanned user extensions: 0
[2018-12-06 15:52:16.906] [sharedprocess] [info] Scanned user extensions: 0
[2018-12-06 15:52:16.908] [sharedprocess] [info] Scanned user extensions: 0
[2018-12-06 15:52:16.919] [sharedprocess] [info] Scanned user extensions: 0
[2018-12-06 15:52:16.955] [sharedprocess] [info] Scanned system extensions: 72
[2018-12-06 15:52:16.972] [sharedprocess] [info] Scanned system extensions: 72
[2018-12-06 15:52:16.974] [sharedprocess] [info] Scanned system extensions: 72
[2018-12-06 15:52:16.988] [sharedprocess] [info] Scanned system extensions: 72
[2018-12-06 15:52:17.999] [sharedprocess] [info] Scanned user extensions: 0
[2018-12-06 15:52:25.443] [sharedprocess] [info] Scanned user extensions: 0
[2018-12-06 15:52:25.444] [sharedprocess] [info] Scanned user extensions: 0
[2018-12-06 15:52:25.444] [sharedprocess] [info] Installing the extension: codemix.php-0.9.5
[2018-12-06 15:52:25.445] [sharedprocess] [info] Scanned user extensions: 0
[2018-12-06 15:52:25.473] [sharedprocess] [info] Scanned system extensions: 72
[2018-12-06 15:52:25.482] [sharedprocess] [info] Extracted extension to C:\Users\hi\.codemix\extensions\.codemix.php-0.9.5: codemix.php-0.9.5
[2018-12-06 15:52:25.483] [sharedprocess] [info] Renamed to C:\Users\hi\.codemix\extensions\codemix.php-0.9.5
[2018-12-06 15:52:25.483] [sharedprocess] [info] Installation completed. codemix.php-0.9.5
[2018-12-06 15:52:25.484] [sharedprocess] [info] Successfully installed the extension: codemix.php-0.9.5
[2018-12-06 15:52:25.486] [sharedprocess] [info] Scanned user extensions: 1
[2018-12-06 15:52:25.494] [sharedprocess] [info] Scanned user extensions: 1
[2018-12-06 15:52:25.514] [sharedprocess] [info] Scanned system extensions: 72
[2018-12-06 15:52:25.589] [sharedprocess] [info] Scanned user extensions: 1
[2018-12-06 15:52:25.606] [sharedprocess] [info] Scanned system extensions: 72
[2018-12-06 15:52:26.325] [sharedprocess] [info] Scanned user extensions: 1
[2018-12-06 15:52:26.326] [sharedprocess] [info] Scanned user extensions: 1
[2018-12-06 15:52:26.326] [sharedprocess] [info] Installing the extension: christian-kohler.path-intellisense-1.4.2
[2018-12-06 15:52:26.329] [sharedprocess] [info] Scanned user extensions: 1
[2018-12-06 15:52:26.345] [sharedprocess] [info] Scanned system extensions: 72
[2018-12-06 15:52:26.381] [sharedprocess] [info] Extracted extension to C:\Users\hi\.codemix\extensions\.christian-kohler.path-intellisense-1.4.2: christian-kohler.path-intellisense-1.4.2
[2018-12-06 15:52:26.382] [sharedprocess] [info] Renamed to C:\Users\hi\.codemix\extensions\christian-kohler.path-intellisense-1.4.2
[2018-12-06 15:52:26.382] [sharedprocess] [info] Installation completed. christian-kohler.path-intellisense-1.4.2
[2018-12-06 15:52:26.383] [sharedprocess] [info] Successfully installed the extension: christian-kohler.path-intellisense-1.4.2
[2018-12-06 15:52:26.385] [sharedprocess] [info] Scanned user extensions: 2
[2018-12-06 15:52:26.390] [sharedprocess] [info] Scanned user extensions: 2
[2018-12-06 15:52:26.403] [sharedprocess] [info] Scanned system extensions: 72
[2018-12-06 15:52:26.487] [sharedprocess] [info] Scanned user extensions: 2
[2018-12-06 15:52:26.499] [sharedprocess] [info] Scanned system extensions: 72
[2018-12-06 15:52:28.727] [sharedprocess] [info] Scanned user extensions: 2
[2018-12-06 15:52:28.728] [sharedprocess] [info] Scanned user extensions: 2
[2018-12-06 15:52:28.728] [sharedprocess] [info] Installing the extension: felixfbecker.php-debug-1.12.3
[2018-12-06 15:52:28.732] [sharedprocess] [info] Scanned user extensions: 2
[2018-12-06 15:52:28.746] [sharedprocess] [info] Scanned system extensions: 72
[2018-12-06 15:52:29.292] [sharedprocess] [info] Extracted extension to C:\Users\hi\.codemix\extensions\.felixfbecker.php-debug-1.12.3: felixfbecker.php-debug-1.12.3
[2018-12-06 15:52:29.294] [sharedprocess] [info] Renamed to C:\Users\hi\.codemix\extensions\felixfbecker.php-debug-1.12.3
[2018-12-06 15:52:29.294] [sharedprocess] [info] Installation completed. felixfbecker.php-debug-1.12.3
[2018-12-06 15:52:29.295] [sharedprocess] [info] Successfully installed the extension: felixfbecker.php-debug-1.12.3
[2018-12-06 15:52:29.298] [sharedprocess] [info] Scanned user extensions: 3
[2018-12-06 15:52:29.303] [sharedprocess] [info] Scanned user extensions: 3
[2018-12-06 15:52:29.342] [sharedprocess] [info] Scanned system extensions: 72
[2018-12-06 15:52:29.399] [sharedprocess] [info] Scanned user extensions: 3
[2018-12-06 15:52:29.415] [sharedprocess] [info] Scanned system extensions: 72
[2018-12-06 15:52:35.081] [sharedprocess] [info] Scanned user extensions: 3
[2018-12-06 15:52:35.083] [sharedprocess] [info] Scanned user extensions: 3
[2018-12-06 15:52:35.083] [sharedprocess] [info] Installing the extension: felixfbecker.php-intellisense-2.3.1
[2018-12-06 15:52:35.089] [sharedprocess] [info] Scanned user extensions: 3
[2018-12-06 15:52:35.107] [sharedprocess] [info] Scanned system extensions: 72
[2018-12-06 15:52:38.101] [sharedprocess] [info] Extracted extension to C:\Users\hi\.codemix\extensions\.felixfbecker.php-intellisense-2.3.1: felixfbecker.php-intellisense-2.3.1
[2018-12-06 15:52:38.104] [sharedprocess] [info] Renamed to C:\Users\hi\.codemix\extensions\felixfbecker.php-intellisense-2.3.1
[2018-12-06 15:52:38.104] [sharedprocess] [info] Installation completed. felixfbecker.php-intellisense-2.3.1
[2018-12-06 15:52:38.105] [sharedprocess] [info] Successfully installed the extension: felixfbecker.php-intellisense-2.3.1
[2018-12-06 15:52:38.108] [sharedprocess] [info] Scanned user extensions: 4
[2018-12-06 15:52:38.114] [sharedprocess] [info] Scanned user extensions: 4
[2018-12-06 15:52:38.134] [sharedprocess] [info] Scanned system extensions: 72
[2018-12-06 15:52:38.155] [sharedprocess] [info] Scanned user extensions: 4
[2018-12-06 15:52:38.158] [sharedprocess] [info] Scanned user extensions: 4
[2018-12-06 15:52:38.158] [sharedprocess] [info] Installing the extension: hookyqr.beautify-1.3.0
[2018-12-06 15:52:38.162] [sharedprocess] [info] Scanned user extensions: 4
[2018-12-06 15:52:38.178] [sharedprocess] [info] Scanned system extensions: 72
[2018-12-06 15:52:38.228] [sharedprocess] [info] Scanned user extensions: 4
[2018-12-06 15:52:38.249] [sharedprocess] [info] Scanned system extensions: 72
[2018-12-06 15:52:38.431] [sharedprocess] [info] Extracted extension to C:\Users\hi\.codemix\extensions\.hookyqr.beautify-1.3.0: hookyqr.beautify-1.3.0
[2018-12-06 15:52:38.432] [sharedprocess] [info] Renamed to C:\Users\hi\.codemix\extensions\hookyqr.beautify-1.3.0
[2018-12-06 15:52:38.432] [sharedprocess] [info] Installation completed. hookyqr.beautify-1.3.0
[2018-12-06 15:52:38.433] [sharedprocess] [info] Successfully installed the extension: hookyqr.beautify-1.3.0
[2018-12-06 15:52:38.435] [sharedprocess] [info] Scanned user extensions: 5
[2018-12-06 15:52:38.441] [sharedprocess] [info] Scanned user extensions: 5
[2018-12-06 15:52:38.454] [sharedprocess] [info] Scanned system extensions: 72
[2018-12-06 15:52:38.467] [sharedprocess] [info] Scanned user extensions: 5
[2018-12-06 15:52:38.469] [sharedprocess] [info] Scanned user extensions: 5
[2018-12-06 15:52:38.469] [sharedprocess] [info] Installing the extension: formulahendry.code-runner-0.9.3
[2018-12-06 15:52:38.472] [sharedprocess] [info] Scanned user extensions: 5
[2018-12-06 15:52:38.485] [sharedprocess] [info] Scanned system extensions: 72
[2018-12-06 15:52:38.548] [sharedprocess] [info] Scanned user extensions: 5
[2018-12-06 15:52:38.564] [sharedprocess] [info] Scanned system extensions: 72
[2018-12-06 15:52:38.674] [sharedprocess] [info] Extracted extension to C:\Users\hi\.codemix\extensions\.formulahendry.code-runner-0.9.3: formulahendry.code-runner-0.9.3
[2018-12-06 15:52:38.675] [sharedprocess] [info] Renamed to C:\Users\hi\.codemix\extensions\formulahendry.code-runner-0.9.3
[2018-12-06 15:52:38.675] [sharedprocess] [info] Installation completed. formulahendry.code-runner-0.9.3
[2018-12-06 15:52:38.680] [sharedprocess] [info] Successfully installed the extension: formulahendry.code-runner-0.9.3
[2018-12-06 15:52:38.685] [sharedprocess] [info] Scanned user extensions: 6
[2018-12-06 15:52:38.692] [sharedprocess] [info] Scanned user extensions: 6
[2018-12-06 15:52:38.707] [sharedprocess] [info] Scanned system extensions: 72
[2018-12-06 15:52:38.787] [sharedprocess] [info] Scanned user extensions: 6
[2018-12-06 15:52:38.798] [sharedprocess] [info] Scanned system extensions: 72
[2018-12-06 15:52:39.371] [sharedprocess] [info] Scanned user extensions: 6
[2018-12-06 15:52:39.374] [sharedprocess] [info] Scanned user extensions: 6
[2018-12-06 15:52:39.374] [sharedprocess] [info] Installing the extension: msjsdiag.debugger-for-chrome-4.4.3
[2018-12-06 15:52:39.378] [sharedprocess] [info] Scanned user extensions: 6
[2018-12-06 15:52:39.394] [sharedprocess] [info] Scanned system extensions: 72
[2018-12-06 15:52:39.774] [sharedprocess] [info] Extracted extension to C:\Users\hi\.codemix\extensions\.msjsdiag.debugger-for-chrome-4.4.3: msjsdiag.debugger-for-chrome-4.4.3
[2018-12-06 15:52:39.775] [sharedprocess] [info] Renamed to C:\Users\hi\.codemix\extensions\msjsdiag.debugger-for-chrome-4.4.3
[2018-12-06 15:52:39.775] [sharedprocess] [info] Installation completed. msjsdiag.debugger-for-chrome-4.4.3
[2018-12-06 15:52:39.776] [sharedprocess] [info] Successfully installed the extension: msjsdiag.debugger-for-chrome-4.4.3
[2018-12-06 15:52:39.781] [sharedprocess] [info] Scanned user extensions: 7
[2018-12-06 15:52:39.789] [sharedprocess] [info] Scanned user extensions: 7
[2018-12-06 15:52:39.800] [sharedprocess] [info] Scanned system extensions: 72
[2018-12-06 15:52:39.896] [sharedprocess] [info] Scanned user extensions: 7
[2018-12-06 15:52:39.948] [sharedprocess] [info] Scanned system extensions: 72
[2018-12-06 15:52:40.396] [sharedprocess] [info] Scanned user extensions: 7
[2018-12-06 15:52:40.398] [sharedprocess] [info] Scanned user extensions: 7
[2018-12-06 15:52:40.398] [sharedprocess] [info] Installing the extension: linyang95.php-symbols-2.1.0
[2018-12-06 15:52:40.403] [sharedprocess] [info] Scanned user extensions: 7
[2018-12-06 15:52:40.419] [sharedprocess] [info] Scanned system extensions: 72
[2018-12-06 15:52:40.617] [sharedprocess] [info] Extracted extension to C:\Users\hi\.codemix\extensions\.linyang95.php-symbols-2.1.0: linyang95.php-symbols-2.1.0
[2018-12-06 15:52:40.617] [sharedprocess] [info] Failed renaming C:\Users\hi\.codemix\extensions\.linyang95.php-symbols-2.1.0 to C:\Users\hi\.codemix\extensions\linyang95.php-symbols-2.1.0 with 'EPERM' error. Trying again...
[2018-12-06 15:52:40.618] [sharedprocess] [info] Renamed to C:\Users\hi\.codemix\extensions\linyang95.php-symbols-2.1.0
[2018-12-06 15:52:40.618] [sharedprocess] [info] Installation completed. linyang95.php-symbols-2.1.0
[2018-12-06 15:52:40.619] [sharedprocess] [info] Successfully installed the extension: linyang95.php-symbols-2.1.0
[2018-12-06 15:52:40.622] [sharedprocess] [info] Scanned user extensions: 8
[2018-12-06 15:52:40.631] [sharedprocess] [info] Scanned user extensions: 8
[2018-12-06 15:52:40.645] [sharedprocess] [info] Scanned system extensions: 72
[2018-12-06 15:52:40.725] [sharedprocess] [info] Scanned user extensions: 8
[2018-12-06 15:52:40.735] [sharedprocess] [info] Scanned system extensions: 72
[2018-12-06 15:52:41.025] [sharedprocess] [info] Scanned user extensions: 8
[2018-12-06 15:52:41.027] [sharedprocess] [info] Scanned user extensions: 8
[2018-12-06 15:52:41.027] [sharedprocess] [info] Installing the extension: dbaeumer.vscode-eslint-1.4.10
[2018-12-06 15:52:41.031] [sharedprocess] [info] Scanned user extensions: 8
[2018-12-06 15:52:41.045] [sharedprocess] [info] Scanned system extensions: 72
[2018-12-06 15:52:41.173] [sharedprocess] [info] Extracted extension to C:\Users\hi\.codemix\extensions\.dbaeumer.vscode-eslint-1.4.10: dbaeumer.vscode-eslint-1.4.10
[2018-12-06 15:52:41.174] [sharedprocess] [info] Renamed to C:\Users\hi\.codemix\extensions\dbaeumer.vscode-eslint-1.4.10
[2018-12-06 15:52:41.174] [sharedprocess] [info] Installation completed. dbaeumer.vscode-eslint-1.4.10
[2018-12-06 15:52:41.174] [sharedprocess] [info] Successfully installed the extension: dbaeumer.vscode-eslint-1.4.10
[2018-12-06 15:52:41.178] [sharedprocess] [info] Scanned user extensions: 9
[2018-12-06 15:52:41.185] [sharedprocess] [info] Scanned user extensions: 9
[2018-12-06 15:52:41.195] [sharedprocess] [info] Scanned system extensions: 72
[2018-12-06 15:52:41.281] [sharedprocess] [info] Scanned user extensions: 9
[2018-12-06 15:52:41.294] [sharedprocess] [info] Scanned system extensions: 72
[2018-12-06 15:52:42.259] [sharedprocess] [info] Scanned user extensions: 9
[2018-12-06 15:52:42.262] [sharedprocess] [info] Scanned user extensions: 9
[2018-12-06 15:52:42.262] [sharedprocess] [info] Installing the extension: formulahendry.auto-close-tag-0.5.6
[2018-12-06 15:52:42.267] [sharedprocess] [info] Scanned user extensions: 9
[2018-12-06 15:52:42.278] [sharedprocess] [info] Scanned system extensions: 72
[2018-12-06 15:52:42.297] [sharedprocess] [info] Extracted extension to C:\Users\hi\.codemix\extensions\.formulahendry.auto-close-tag-0.5.6: formulahendry.auto-close-tag-0.5.6
[2018-12-06 15:52:42.298] [sharedprocess] [info] Renamed to C:\Users\hi\.codemix\extensions\formulahendry.auto-close-tag-0.5.6
[2018-12-06 15:52:42.298] [sharedprocess] [info] Installation completed. formulahendry.auto-close-tag-0.5.6
[2018-12-06 15:52:42.298] [sharedprocess] [info] Successfully installed the extension: formulahendry.auto-close-tag-0.5.6
[2018-12-06 15:52:42.302] [sharedprocess] [info] Scanned user extensions: 10
[2018-12-06 15:52:42.310] [sharedprocess] [info] Scanned user extensions: 10
[2018-12-06 15:52:42.320] [sharedprocess] [info] Scanned system extensions: 72
[2018-12-06 15:52:42.405] [sharedprocess] [info] Scanned user extensions: 10
[2018-12-06 15:52:42.419] [sharedprocess] [info] Scanned system extensions: 72
[2018-12-06 15:52:42.666] [sharedprocess] [info] Scanned user extensions: 10
[2018-12-06 15:52:42.669] [sharedprocess] [info] Scanned user extensions: 10
[2018-12-06 15:52:42.669] [sharedprocess] [info] Installing the extension: kokororin.vscode-phpfmt-1.0.29
[2018-12-06 15:52:42.674] [sharedprocess] [info] Scanned user extensions: 10
[2018-12-06 15:52:42.683] [sharedprocess] [info] Scanned system extensions: 72
[2018-12-06 15:52:42.732] [sharedprocess] [info] Extracted extension to C:\Users\hi\.codemix\extensions\.kokororin.vscode-phpfmt-1.0.29: kokororin.vscode-phpfmt-1.0.29
[2018-12-06 15:52:42.733] [sharedprocess] [info] Renamed to C:\Users\hi\.codemix\extensions\kokororin.vscode-phpfmt-1.0.29
[2018-12-06 15:52:42.733] [sharedprocess] [info] Installation completed. kokororin.vscode-phpfmt-1.0.29
[2018-12-06 15:52:42.734] [sharedprocess] [info] Successfully installed the extension: kokororin.vscode-phpfmt-1.0.29
[2018-12-06 15:52:42.739] [sharedprocess] [info] Scanned user extensions: 11
[2018-12-06 15:52:42.750] [sharedprocess] [info] Scanned user extensions: 11
[2018-12-06 15:52:42.779] [sharedprocess] [info] Scanned system extensions: 72
[2018-12-06 15:52:42.846] [sharedprocess] [info] Scanned user extensions: 11
[2018-12-06 15:52:42.861] [sharedprocess] [info] Scanned system extensions: 72
[2018-12-06 15:52:42.883] [sharedprocess] [info] Scanned user extensions: 11
[2018-12-06 15:52:42.886] [sharedprocess] [info] Scanned user extensions: 11
[2018-12-06 15:52:42.886] [sharedprocess] [info] Installing the extension: xabikos.javascriptsnippets-1.6.0
[2018-12-06 15:52:42.894] [sharedprocess] [info] Scanned user extensions: 11
[2018-12-06 15:52:42.905] [sharedprocess] [info] Scanned system extensions: 72
[2018-12-06 15:52:42.913] [sharedprocess] [info] Extracted extension to C:\Users\hi\.codemix\extensions\.xabikos.javascriptsnippets-1.6.0: xabikos.javascriptsnippets-1.6.0
[2018-12-06 15:52:42.914] [sharedprocess] [info] Renamed to C:\Users\hi\.codemix\extensions\xabikos.javascriptsnippets-1.6.0
[2018-12-06 15:52:42.914] [sharedprocess] [info] Installation completed. xabikos.javascriptsnippets-1.6.0
[2018-12-06 15:52:42.915] [sharedprocess] [info] Successfully installed the extension: xabikos.javascriptsnippets-1.6.0
[2018-12-06 15:52:42.920] [sharedprocess] [info] Scanned user extensions: 12
[2018-12-06 15:52:42.943] [sharedprocess] [info] Scanned user extensions: 12
[2018-12-06 15:52:42.966] [sharedprocess] [info] Scanned system extensions: 72
[2018-12-06 15:52:43.023] [sharedprocess] [info] Scanned user extensions: 12
[2018-12-06 15:52:43.035] [sharedprocess] [info] Scanned system extensions: 72
[2018-12-06 15:52:43.113] [sharedprocess] [info] Scanned user extensions: 12
[2018-12-06 15:52:43.117] [sharedprocess] [info] Scanned user extensions: 12
[2018-12-06 15:52:43.117] [sharedprocess] [info] Installing the extension: codemix.web-0.9.2
[2018-12-06 15:52:43.125] [sharedprocess] [info] Scanned user extensions: 12
[2018-12-06 15:52:43.135] [sharedprocess] [info] Scanned system extensions: 72
[2018-12-06 15:52:43.141] [sharedprocess] [info] Extracted extension to C:\Users\hi\.codemix\extensions\.codemix.web-0.9.2: codemix.web-0.9.2
[2018-12-06 15:52:43.142] [sharedprocess] [info] Renamed to C:\Users\hi\.codemix\extensions\codemix.web-0.9.2
[2018-12-06 15:52:43.142] [sharedprocess] [info] Installation completed. codemix.web-0.9.2
[2018-12-06 15:52:43.143] [sharedprocess] [info] Successfully installed the extension: codemix.web-0.9.2
[2018-12-06 15:52:43.154] [sharedprocess] [info] Scanned user extensions: 13
[2018-12-06 15:52:43.165] [sharedprocess] [info] Scanned user extensions: 13
[2018-12-06 15:52:43.177] [sharedprocess] [info] Scanned system extensions: 72
[2018-12-06 15:52:43.252] [sharedprocess] [info] Scanned user extensions: 13
[2018-12-06 15:52:43.260] [sharedprocess] [info] Scanned system extensions: 72
[2018-12-06 15:52:46.970] [sharedprocess] [info] Scanned user extensions: 13
[2018-12-06 15:52:46.974] [sharedprocess] [info] Scanned user extensions: 13
[2018-12-06 15:52:46.974] [sharedprocess] [info] Installing the extension: mkaufman.htmlhint-0.5.0
[2018-12-06 15:52:46.981] [sharedprocess] [info] Scanned user extensions: 13
[2018-12-06 15:52:46.995] [sharedprocess] [info] Scanned system extensions: 72
[2018-12-06 15:52:48.112] [sharedprocess] [info] Extracted extension to C:\Users\hi\.codemix\extensions\.mkaufman.htmlhint-0.5.0: mkaufman.htmlhint-0.5.0
[2018-12-06 15:52:48.114] [sharedprocess] [info] Renamed to C:\Users\hi\.codemix\extensions\mkaufman.htmlhint-0.5.0
[2018-12-06 15:52:48.114] [sharedprocess] [info] Installation completed. mkaufman.htmlhint-0.5.0
[2018-12-06 15:52:48.115] [sharedprocess] [info] Successfully installed the extension: mkaufman.htmlhint-0.5.0
[2018-12-06 15:52:48.119] [sharedprocess] [info] Scanned user extensions: 14
[2018-12-06 15:52:48.130] [sharedprocess] [info] Scanned user extensions: 14
[2018-12-06 15:52:48.140] [sharedprocess] [info] Scanned system extensions: 72
[2018-12-06 15:52:48.946] [sharedprocess] [info] Scanned user extensions: 14
[2018-12-06 15:52:48.955] [sharedprocess] [info] Scanned user extensions: 14
[2018-12-06 15:52:48.968] [sharedprocess] [info] Scanned system extensions: 72
[2018-12-06 15:52:49.300] [sharedprocess] [info] Scanned user extensions: 14
[2018-12-06 15:52:49.406] [sharedprocess] [info] Scanned system extensions: 72
[2018-12-06 15:52:52.020] [sharedprocess] [info] Scanned user extensions: 14
[2018-12-06 15:52:56.878] [sharedprocess] [info] Starting to clean up unused language packs.
[2018-12-06 15:57:52.067] [sharedprocess] [info] Scanned user extensions: 14
[2018-12-06 16:02:52.103] [sharedprocess] [info] Scanned user extensions: 14
[2018-12-06 16:07:52.136] [sharedprocess] [info] Scanned user extensions: 14
[2018-12-06 16:12:52.168] [sharedprocess] [info] Scanned user extensions: 14
[2018-12-06 16:17:52.202] [sharedprocess] [info] Scanned user extensions: 14
[2018-12-06 16:22:52.240] [sharedprocess] [info] Scanned user extensions: 14
[2018-12-06 16:27:52.274] [sharedprocess] [info] Scanned user extensions: 14
[2018-12-06 16:30:14.272] [sharedprocess] [info] Scanned user extensions: 14
[2018-12-06 16:30:14.291] [sharedprocess] [info] Scanned system extensions: 72
[2018-12-06 16:32:52.294] [sharedprocess] [info] Scanned user extensions: 14
[2018-12-06 16:36:23.303] [sharedprocess] [info] Scanned user extensions: 14
[2018-12-06 16:36:23.322] [sharedprocess] [info] Scanned system extensions: 72
[2018-12-06 16:37:52.307] [sharedprocess] [info] Scanned user extensions: 14
[2018-12-06 16:42:52.320] [sharedprocess] [info] Scanned user extensions: 14
[2018-12-06 16:47:52.343] [sharedprocess] [info] Scanned user extensions: 14
[2018-12-06 16:52:52.373] [sharedprocess] [info] Scanned user extensions: 14
[2018-12-06 16:57:52.409] [sharedprocess] [info] Scanned user extensions: 14
[2018-12-06 17:02:52.434] [sharedprocess] [info] Scanned user extensions: 14
[2018-12-06 17:07:52.450] [sharedprocess] [info] Scanned user extensions: 14
[2018-12-06 17:12:52.473] [sharedprocess] [info] Scanned user extensions: 14
[2018-12-06 17:17:52.496] [sharedprocess] [info] Scanned user extensions: 14
[2018-12-06 17:22:52.514] [sharedprocess] [info] Scanned user extensions: 14
[2018-12-06 17:27:52.531] [sharedprocess] [info] Scanned user extensions: 14
[2018-12-06 17:32:52.550] [sharedprocess] [info] Scanned user extensions: 14
[2018-12-06 17:37:52.564] [sharedprocess] [info] Scanned user extensions: 14
[2018-12-06 17:42:52.577] [sharedprocess] [info] Scanned user extensions: 14
[2018-12-06 17:47:52.593] [sharedprocess] [info] Scanned user extensions: 14
[2018-12-06 17:52:52.605] [sharedprocess] [info] Scanned user extensions: 14
[2018-12-06 17:57:52.618] [sharedprocess] [info] Scanned user extensions: 14
[2018-12-06 18:02:52.630] [sharedprocess] [info] Scanned user extensions: 14
[2018-12-06 18:07:52.642] [sharedprocess] [info] Scanned user extensions: 14
[2018-12-06 18:12:52.653] [sharedprocess] [info] Scanned user extensions: 14
[2018-12-06 18:17:52.665] [sharedprocess] [info] Scanned user extensions: 14
[2018-12-06 18:22:52.678] [sharedprocess] [info] Scanned user extensions: 14
